E:\FINAL PROJECT\FINAL PROJECT\DEBUG\SOURCE.OBJ
E:\FINAL PROJECT\FINAL PROJECT\DEBUG\VC110.PDB
E:\FINAL PROJECT\DEBUG\FINAL PROJECT.ILK
E:\FINAL PROJECT\DEBUG\FINAL PROJECT.EXE
E:\FINAL PROJECT\DEBUG\FINAL PROJECT.PDB
E:\Final Project\Final Project\Debug\link.1012.read.1.tlog
E:\Final Project\Final Project\Debug\link.1012.write.1.tlog
E:\Final Project\Final Project\Debug\CL.read.1.tlog
E:\Final Project\Final Project\Debug\CL.write.1.tlog
E:\Final Project\Final Project\Debug\cl.command.1.tlog
E:\Final Project\Final Project\Debug\link-rc.read.1.tlog
E:\Final Project\Final Project\Debug\link-rc.write.1.tlog
E:\Final Project\Final Project\Debug\link-cvtres.read.1.tlog
E:\Final Project\Final Project\Debug\link-cvtres.write.1.tlog
E:\Final Project\Final Project\Debug\link.read.1.tlog
E:\Final Project\Final Project\Debug\link.write.1.tlog
E:\Final Project\Final Project\Debug\link.command.1.tlog
E:\Final Project\Final Project\Debug\link.4368-rc.read.1.tlog
E:\Final Project\Final Project\Debug\link.4368-rc.write.1.tlog
E:\Final Project\Final Project\Debug\link.4368-cvtres.read.1.tlog
E:\Final Project\Final Project\Debug\link.4368-cvtres.write.1.tlog
E:\Final Project\Final Project\Debug\link.4368.read.1.tlog
E:\Final Project\Final Project\Debug\link.4368.write.1.tlog
E:\Final Project\Final Project\Debug\link.3252-rc.read.1.tlog
E:\Final Project\Final Project\Debug\link.3252-rc.write.1.tlog
E:\Final Project\Final Project\Debug\link.3252-cvtres.read.1.tlog
E:\Final Project\Final Project\Debug\link.3252-cvtres.write.1.tlog
E:\Final Project\Final Project\Debug\link.3252.read.1.tlog
E:\Final Project\Final Project\Debug\link.3252.write.1.tlog
E:\Final Project\Final Project\Debug\link.5172-rc.read.1.tlog
E:\Final Project\Final Project\Debug\link.5172-rc.write.1.tlog
E:\Final Project\Final Project\Debug\link.5172-cvtres.read.1.tlog
E:\Final Project\Final Project\Debug\link.5172-cvtres.write.1.tlog
E:\Final Project\Final Project\Debug\link.5172.read.1.tlog
E:\Final Project\Final Project\Debug\link.5172.write.1.tlog
E:\Final Project\Final Project\Debug\link.3316-rc.read.1.tlog
E:\Final Project\Final Project\Debug\link.3316-rc.write.1.tlog
E:\Final Project\Final Project\Debug\link.3316-cvtres.read.1.tlog
E:\Final Project\Final Project\Debug\link.3316-cvtres.write.1.tlog
E:\Final Project\Final Project\Debug\link.3316.read.1.tlog
E:\Final Project\Final Project\Debug\link.3316.write.1.tlog
E:\Final Project\Final Project\Debug\link.2552-rc.read.1.tlog
E:\Final Project\Final Project\Debug\link.2552-rc.write.1.tlog
E:\Final Project\Final Project\Debug\link.2552-cvtres.read.1.tlog
E:\Final Project\Final Project\Debug\link.2552-cvtres.write.1.tlog
E:\Final Project\Final Project\Debug\link.2552.read.1.tlog
E:\Final Project\Final Project\Debug\link.2552.write.1.tlog
E:\Final Project\Final Project\Debug\link.4008-rc.read.1.tlog
E:\Final Project\Final Project\Debug\link.4008-rc.write.1.tlog
E:\Final Project\Final Project\Debug\link.4008-cvtres.read.1.tlog
E:\Final Project\Final Project\Debug\link.4008-cvtres.write.1.tlog
E:\Final Project\Final Project\Debug\link.4008.read.1.tlog
E:\Final Project\Final Project\Debug\link.4008.write.1.tlog
E:\Final Project\Final Project\Debug\link.3852-rc.read.1.tlog
E:\Final Project\Final Project\Debug\link.3852-rc.write.1.tlog
E:\Final Project\Final Project\Debug\link.3852-cvtres.read.1.tlog
E:\Final Project\Final Project\Debug\link.3852-cvtres.write.1.tlog
E:\Final Project\Final Project\Debug\link.3852.read.1.tlog
E:\Final Project\Final Project\Debug\link.3852.write.1.tlog
E:\Final Project\Final Project\Debug\link.2344-rc.read.1.tlog
E:\Final Project\Final Project\Debug\link.2344-rc.write.1.tlog
E:\Final Project\Final Project\Debug\link.2344-cvtres.read.1.tlog
E:\Final Project\Final Project\Debug\link.2344-cvtres.write.1.tlog
E:\Final Project\Final Project\Debug\link.2344.read.1.tlog
E:\Final Project\Final Project\Debug\link.1308-rc.read.1.tlog
E:\Final Project\Final Project\Debug\link.1308-rc.write.1.tlog
E:\Final Project\Final Project\Debug\link.1308-cvtres.read.1.tlog
E:\Final Project\Final Project\Debug\link.1308-cvtres.write.1.tlog
E:\Final Project\Final Project\Debug\link.1308.read.1.tlog
E:\Final Project\Final Project\Debug\link.1308.write.1.tlog
E:\Final Project\Final Project\Debug\link.2344.write.1.tlog
E:\Final Project\Final Project\Debug\link.5392-rc.read.1.tlog
E:\Final Project\Final Project\Debug\link.1012-rc.read.1.tlog
E:\Final Project\Final Project\Debug\link.1012-rc.write.1.tlog
E:\Final Project\Final Project\Debug\link.1012-cvtres.read.1.tlog
E:\Final Project\Final Project\Debug\link.1012-cvtres.write.1.tlog
E:\Final Project\Final Project\Debug\link.5392-rc.write.1.tlog
E:\Final Project\Final Project\Debug\link.5392-cvtres.read.1.tlog
E:\Final Project\Final Project\Debug\link.5392-cvtres.write.1.tlog
E:\Final Project\Final Project\Debug\link.5392.read.1.tlog
E:\Final Project\Final Project\Debug\link.5392.write.1.tlog
E:\Final Project\Final Project\Debug\vc110.idb
E:\Final Project\Final Project\Debug\vc110.pdb
E:\Final Project\Debug\Final Project.pdb
E:\Final Project\Debug\Final Project.exe
E:\Final Project\Debug\Final Project.ilk
